1>------ Build started: Project: Lab3A_FamilyTaxCredit, Configuration: Debug Win32 ------
1>functions.cpp
1>main.cpp
1>Generating Code...
1>main.obj : error LNK2019: unresolved external symbol "void __cdecl clacCredit(int &,double &,double &)" (?clacCredit@@YAXAAHAAN1@Z) referenced in function _main
1>C:\Users\Sheng\source\repos\CSC-134-Labs\Lab3A_FamilyTaxCredit\Debug\Lab3A_FamilyTaxCredit.exe : fatal error LNK1120: 1 unresolved externals
1>Done building project "Lab3A_FamilyTaxCredit.vcxproj" -- FAILED.
========== Build: 0 succeeded, 1 failed, 0 up-to-date, 0 skipped ==========
